
ASEM-51 V1.3                                         Copyright (c) 2002 by W.W. Heinz                                         PAGE 1





       MCS-51 Family Macro Assembler   A S E M - 5 1   V 1.3
       =====================================================



	Source File:	C:\mcs51\lb2\lb2.asm
	Object File:	C:\mcs51\lb2\lb2.hex
	List File:	C:\mcs51\lb2\lb2.lst



 Line  I  Addr  Code            Source

    1:		N      0000	ORG 0000h
    2:	  0000	02 00 90	JMP M1
    3:
    4:		N      0090	ORG  0090H
    5:	  0090	00		M1: nop
    6:	  0091	C2 A0		CLR  P2.0
    7:	  0093	C2 A1		CLR  P2.1
    8:	  0095	C2 A2		CLR  P2.2
    9:	  0097	C2 A3		CLR  P2.3
   10:	  0099	C2 A4		CLR  P2.4
   11:	  009B	C2 A5		CLR  P2.5
   12:	  009D	C2 A6		CLR  P2.6
   13:	  009F	C2 A7		CLR  P2.7
   14:	  00A1	E4		TIMER:  CLR  A
   15:	  00A2	75 8D 02	MOV  TH1,#02H
   16:	  00A5	75 8B 02	MOV  TL1,#02H
   17:	  00A8	75 89 20	MOV  TMOD,#00100000b
   18:	  00AB	D2 A3		SETB  P2.3
   19:	  00AD	D2 8E		SETB  TR1
   20:	  00AF	C2 8F		CLR  TF1
   21:	  00B1	30 8F FD	K1:  JNB  TF1,K1
   22:	  00B4	C2 A3		CLR  P2.3
   23:	  00B6	00		nop
   24:	  00B7	00		nop
   25:	  00B8	00		nop
   26:				END





                     register banks used:  ---

                     no errors




ASEM-51 V1.3                                         Copyright (c) 2002 by W.W. Heinz                                         PAGE 2





	       L I S T   O F   S Y M B O L S
	       =============================


SYMBOL				  TYPE     VALUE	LINE
------------------------------------------------------------
??ASEM_51			  NUMBER    8051
??VERSION			  NUMBER    0130
AC				  BIT	      D6
ACC				  DATA	      E0
B				  DATA	      F0
CY				  BIT	      D7
DPH				  DATA	      83
DPL				  DATA	      82
EA				  BIT	      AF
ES				  BIT	      AC
ET0				  BIT	      A9
ET1				  BIT	      AB
EX0				  BIT	      A8
EX1				  BIT	      AA
EXTI0				  CODE	    0003
EXTI1				  CODE	    0013
F0				  BIT	      D5
IE				  DATA	      A8
IE0				  BIT	      89
IE1				  BIT	      8B
INT0				  BIT	      B2
INT1				  BIT	      B3
IP				  DATA	      B8
IT0				  BIT	      88
IT1				  BIT	      8A
K1				  CODE	    00B1	  21
M1				  CODE	    0090	   5
OV				  BIT	      D2
P				  BIT	      D0
P0				  DATA	      80
P1				  DATA	      90
P2				  DATA	      A0
P3				  DATA	      B0
PCON				  DATA	      87
PS				  BIT	      BC
PSW				  DATA	      D0
PT0				  BIT	      B9
PT1				  BIT	      BB
PX0				  BIT	      B8
PX1				  BIT	      BA
RB8				  BIT	      9A
RD				  BIT	      B7
REN				  BIT	      9C
RESET				  CODE	    0000
RI				  BIT	      98
RS0				  BIT	      D3
RS1				  BIT	      D4
RXD				  BIT	      B0
SBUF				  DATA	      99
SCON				  DATA	      98

ASEM-51 V1.3                                         Copyright (c) 2002 by W.W. Heinz                                         PAGE 3



SYMBOL				  TYPE     VALUE	LINE
------------------------------------------------------------
SINT				  CODE	    0023
SM0				  BIT	      9F
SM1				  BIT	      9E
SM2				  BIT	      9D
SP				  DATA	      81
T0				  BIT	      B4
T1				  BIT	      B5
TB8				  BIT	      9B
TCON				  DATA	      88
TF0				  BIT	      8D
TF1				  BIT	      8F
TH0				  DATA	      8C
TH1				  DATA	      8D
TI				  BIT	      99
TIMER				  CODE	    00A1	  14
TIMER0				  CODE	    000B
TIMER1				  CODE	    001B
TL0				  DATA	      8A
TL1				  DATA	      8B
TMOD				  DATA	      89
TR0				  BIT	      8C
TR1				  BIT	      8E
TXD				  BIT	      B1
WR				  BIT	      B6
